  [1m[35m (579.4ms)[0m  [1m[35mCREATE DATABASE "nguyeners_teamly_development" ENCODING = 'unicode'[0m
  [1m[35m (545.4ms)[0m  [1m[35mCREATE DATABASE "nguyeners_teamly_test" ENCODING = 'unicode'[0m
  [1m[35m (136.3ms)[0m  [1m[35mDROP DATABASE IF EXISTS "nguyeners_teamly_development"[0m
  [1m[35m (100.3ms)[0m  [1m[35mDROP DATABASE IF EXISTS "nguyeners_teamly_test"[0m
  [1m[35m (693.6ms)[0m  [1m[35mCREATE DATABASE "nguyeners_teamly_development" ENCODING = 'unicode'[0m
  [1m[35m (309.1ms)[0m  [1m[35mCREATE DATABASE "nguyeners_teamly_test" ENCODING = 'unicode'[0m
Started GET "/" for ::1 at 2022-04-20 10:10:38 -0700
Processing by Rails::WelcomeController#index as HTML
  Rendering /Users/learnacademy/.rvm/gems/ruby-3.0.0/gems/railties-7.0.2.3/lib/rails/templates/rails/welcome/index.html.erb
  Rendered /Users/learnacademy/.rvm/gems/ruby-3.0.0/gems/railties-7.0.2.3/lib/rails/templates/rails/welcome/index.html.erb (Duration: 7.6ms | Allocations: 742)
Completed 200 OK in 60ms (Views: 27.6ms | ActiveRecord: 0.0ms | Allocations: 7007)


Started GET "/" for ::1 at 2022-04-20 11:36:06 -0700
Processing by Rails::WelcomeController#index as HTML
  Rendering /Users/learnacademy/.rvm/gems/ruby-3.0.0/gems/railties-7.0.2.3/lib/rails/templates/rails/welcome/index.html.erb
  Rendered /Users/learnacademy/.rvm/gems/ruby-3.0.0/gems/railties-7.0.2.3/lib/rails/templates/rails/welcome/index.html.erb (Duration: 3.3ms | Allocations: 635)
Completed 200 OK in 29ms (Views: 10.5ms | ActiveRecord: 0.0ms | Allocations: 5708)


  [1m[35m (161.1ms)[0m  [1m[35mCREATE TABLE "schema_migrations" ("version" character varying NOT NULL PRIMARY KEY)[0m
  [1m[35m (6.9ms)[0m  [1m[35mCREATE TABLE "ar_internal_metadata" ("key" character varying NOT NULL PRIMARY KEY, "value" character varying, "created_at" timestamp(6) NOT NULL, "updated_at" timestamp(6) NOT NULL)[0m
  [1m[35m (29.5ms)[0m  [1m[34mSELECT pg_try_advisory_lock(5288807696976276480)[0m
  [1m[36mActiveRecord::SchemaMigration Pluck (1.9ms)[0m  [1m[34mSELECT "schema_migrations"."version" FROM "schema_migrations" ORDER BY "schema_migrations"."version" ASC[0m
Migrating to DeviseCreateUsers (20220420184431)
  [1m[36mTRANSACTION (23.3ms)[0m  [1m[35mBEGIN[0m
  [1m[35m (11.5ms)[0m  [1m[35mCREATE TABLE "users" ("id" bigserial primary key, "email" character varying DEFAULT '' NOT NULL, "encrypted_password" character varying DEFAULT '' NOT NULL, "reset_password_token" character varying, "reset_password_sent_at" timestamp(6), "remember_created_at" timestamp(6), "created_at" timestamp(6) NOT NULL, "updated_at" timestamp(6) NOT NULL)[0m
  [1m[35m (3.1ms)[0m  [1m[35mCREATE UNIQUE INDEX "index_users_on_email" ON "users" ("email")[0m
  [1m[35m (27.2ms)[0m  [1m[35mCREATE UNIQUE INDEX "index_users_on_reset_password_token" ON "users" ("reset_password_token")[0m
  [1m[36mActiveRecord::SchemaMigration Create (4.3ms)[0m  [1m[32mINSERT INTO "schema_migrations" ("version") VALUES ($1) RETURNING "version"[0m  [["version", "20220420184431"]]
  [1m[36mTRANSACTION (1.2ms)[0m  [1m[35mCOMMIT[0m
  [1m[36mActiveRecord::InternalMetadata Load (0.8ms)[0m  [1m[34mSELECT "ar_internal_metadata".* FROM "ar_internal_metadata" WHERE "ar_internal_metadata"."key" = $1 LIMIT $2[0m  [["key", "environment"], ["LIMIT", 1]]
  [1m[36mTRANSACTION (20.4ms)[0m  [1m[35mBEGIN[0m
  [1m[36mActiveRecord::InternalMetadata Create (2.6ms)[0m  [1m[32mINSERT INTO "ar_internal_metadata" ("key", "value", "created_at", "updated_at") VALUES ($1, $2, $3, $4) RETURNING "key"[0m  [["key", "environment"], ["value", "development"], ["created_at", "2022-04-20 18:44:40.350053"], ["updated_at", "2022-04-20 18:44:40.350053"]]
  [1m[36mTRANSACTION (0.4ms)[0m  [1m[35mCOMMIT[0m
  [1m[35m (0.3ms)[0m  [1m[34mSELECT pg_advisory_unlock(5288807696976276480)[0m
  [1m[36mActiveRecord::SchemaMigration Pluck (27.0ms)[0m  [1m[34mSELECT "schema_migrations"."version" FROM "schema_migrations" ORDER BY "schema_migrations"."version" ASC[0m
  [1m[35m (0.5ms)[0m  [1m[34mSELECT pg_try_advisory_lock(5288807696976276480)[0m
  [1m[36mActiveRecord::SchemaMigration Pluck (2.3ms)[0m  [1m[34mSELECT "schema_migrations"."version" FROM "schema_migrations" ORDER BY "schema_migrations"."version" ASC[0m
Migrating to CreateEvents (20220420185700)
  [1m[36mTRANSACTION (21.0ms)[0m  [1m[35mBEGIN[0m
  [1m[35m (19.5ms)[0m  [1m[35mCREATE TABLE "events" ("id" bigserial primary key, "image" character varying, "category" character varying, "about" text, "event_name" character varying, "created_at" timestamp(6) NOT NULL, "updated_at" timestamp(6) NOT NULL)[0m
  [1m[36mActiveRecord::SchemaMigration Create (0.8ms)[0m  [1m[32mINSERT INTO "schema_migrations" ("version") VALUES ($1) RETURNING "version"[0m  [["version", "20220420185700"]]
  [1m[36mTRANSACTION (1.0ms)[0m  [1m[35mCOMMIT[0m
  [1m[36mActiveRecord::InternalMetadata Load (3.6ms)[0m  [1m[34mSELECT "ar_internal_metadata".* FROM "ar_internal_metadata" WHERE "ar_internal_metadata"."key" = $1 LIMIT $2[0m  [["key", "environment"], ["LIMIT", 1]]
  [1m[35m (24.2ms)[0m  [1m[34mSELECT pg_advisory_unlock(5288807696976276480)[0m
  [1m[36mActiveRecord::SchemaMigration Pluck (2.7ms)[0m  [1m[34mSELECT "schema_migrations"."version" FROM "schema_migrations" ORDER BY "schema_migrations"."version" ASC[0m
Started GET "/" for ::1 at 2022-04-20 12:00:01 -0700
  [1m[36mActiveRecord::SchemaMigration Pluck (0.8ms)[0m  [1m[34mSELECT "schema_migrations"."version" FROM "schema_migrations" ORDER BY "schema_migrations"."version" ASC[0m
Processing by HomeController#index as HTML
  Rendering layout layouts/application.html.erb
  Rendering home/index.html.erb within layouts/application
  Rendered home/index.html.erb within layouts/application (Duration: 9.4ms | Allocations: 1144)
Started GET "/" for ::1 at 2022-04-20 12:00:10 -0700
Processing by HomeController#index as HTML
  Rendering layout layouts/application.html.erb
  Rendering home/index.html.erb within layouts/application
  Rendered home/index.html.erb within layouts/application (Duration: 1.7ms | Allocations: 456)
[Webpacker] Compiling...
[Webpacker] Compiling...
[Webpacker] Compiled all packs in /Users/learnacademy/Desktop/winnerscapstone/public/packs
[Webpacker] warning package.json: No license field

[Webpacker] Hash: d5978c17a499db2d8d3e
Version: webpack 4.46.0
Time: 23530ms
Built at: 04/20/2022 12:00:55 PM
                                          Asset      Size            Chunks                         Chunk Names
         js/application-bb3ceef382b5d1782d63.js  1.86 MiB       application  [emitted] [immutable]  application
     js/application-bb3ceef382b5d1782d63.js.map  2.11 MiB       application  [emitted] [dev]        application
         js/hello_react-0889bad583e4d0a818e9.js  1.24 MiB       hello_react  [emitted] [immutable]  hello_react
     js/hello_react-0889bad583e4d0a818e9.js.map  1.43 MiB       hello_react  [emitted] [dev]        hello_react
    js/server_rendering-f5807d58737f7c4e1ada.js  1.86 MiB  server_rendering  [emitted] [immutable]  server_rendering
js/server_rendering-f5807d58737f7c4e1ada.js.map  2.11 MiB  server_rendering  [emitted] [dev]        server_rendering
                                  manifest.json  1.05 KiB                    [emitted]              
Entrypoint application = js/application-bb3ceef382b5d1782d63.js js/application-bb3ceef382b5d1782d63.js.map
Entrypoint hello_react = js/hello_react-0889bad583e4d0a818e9.js js/hello_react-0889bad583e4d0a818e9.js.map
Entrypoint server_rendering = js/server_rendering-f5807d58737f7c4e1ada.js js/server_rendering-f5807d58737f7c4e1ada.js.map
[./app/javascript/components sync recursive ^\.\/.*$] ./app/javascript/components sync ^\.\/.*$ 183 bytes {application} {server_rendering} [built]
[./app/javascript/packs/application.js] 216 bytes {application} [built]
[./app/javascript/packs/hello_react.jsx] 1.07 KiB {hello_react} [built]
[./app/javascript/packs/server_rendering.js] 301 bytes {server_rendering} [built]
[./node_modules/webpack/buildin/global.js] (webpack)/buildin/global.js 863 bytes {application} {hello_react} {server_rendering} [built]
[./node_modules/webpack/buildin/module.js] (webpack)/buildin/module.js 552 bytes {application} {hello_react} {server_rendering} [built]
    + 47 hidden modules

[Webpacker] Compiled all packs in /Users/learnacademy/Desktop/winnerscapstone/public/packs
[Webpacker] warning package.json: No license field

[Webpacker] Hash: d5978c17a499db2d8d3e
Version: webpack 4.46.0
Time: 23514ms
Built at: 04/20/2022 12:00:55 PM
                                          Asset      Size            Chunks                         Chunk Names
         js/application-bb3ceef382b5d1782d63.js  1.86 MiB       application  [emitted] [immutable]  application
     js/application-bb3ceef382b5d1782d63.js.map  2.11 MiB       application  [emitted] [dev]        application
         js/hello_react-0889bad583e4d0a818e9.js  1.24 MiB       hello_react  [emitted] [immutable]  hello_react
     js/hello_react-0889bad583e4d0a818e9.js.map  1.43 MiB       hello_react  [emitted] [dev]        hello_react
    js/server_rendering-f5807d58737f7c4e1ada.js  1.86 MiB  server_rendering  [emitted] [immutable]  server_rendering
js/server_rendering-f5807d58737f7c4e1ada.js.map  2.11 MiB  server_rendering  [emitted] [dev]        server_rendering
                                  manifest.json  1.05 KiB                    [emitted]              
Entrypoint application = js/application-bb3ceef382b5d1782d63.js js/application-bb3ceef382b5d1782d63.js.map
Entrypoint hello_react = js/hello_react-0889bad583e4d0a818e9.js js/hello_react-0889bad583e4d0a818e9.js.map
Entrypoint server_rendering = js/server_rendering-f5807d58737f7c4e1ada.js js/server_rendering-f5807d58737f7c4e1ada.js.map
[./app/javascript/components sync recursive ^\.\/.*$] ./app/javascript/components sync ^\.\/.*$ 183 bytes {application} {server_rendering} [built]
[./app/javascript/packs/application.js] 216 bytes {application} [built]
[./app/javascript/packs/hello_react.jsx] 1.07 KiB {hello_react} [built]
[./app/javascript/packs/server_rendering.js] 301 bytes {server_rendering} [built]
[./node_modules/webpack/buildin/global.js] (webpack)/buildin/global.js 863 bytes {application} {hello_react} {server_rendering} [built]
[./node_modules/webpack/buildin/module.js] (webpack)/buildin/module.js 552 bytes {application} {hello_react} {server_rendering} [built]
    + 47 hidden modules

  Rendered layout layouts/application.html.erb (Duration: 45280.7ms | Allocations: 178950)
  Rendered layout layouts/application.html.erb (Duration: 54090.2ms | Allocations: 213341)
Completed 200 OK in 45284ms (Views: 45282.7ms | ActiveRecord: 0.0ms | Allocations: 179535)


Completed 200 OK in 54109ms (Views: 54098.0ms | ActiveRecord: 0.0ms | Allocations: 217765)


Started GET "/" for ::1 at 2022-04-20 12:02:03 -0700
Processing by HomeController#index as HTML
  Rendering layout layouts/application.html.erb
  Rendering home/index.html.erb within layouts/application
  Rendered home/index.html.erb within layouts/application (Duration: 4.1ms | Allocations: 544)
  Rendered layout layouts/application.html.erb (Duration: 31.0ms | Allocations: 4971)
Completed 200 OK in 36ms (Views: 33.5ms | ActiveRecord: 0.0ms | Allocations: 5311)


Started GET "/" for ::1 at 2022-04-20 12:02:41 -0700
Processing by HomeController#index as HTML
  Rendering layout layouts/application.html.erb
  Rendering home/index.html.erb within layouts/application
  Rendered home/index.html.erb within layouts/application (Duration: 1.6ms | Allocations: 571)
  Rendered layout layouts/application.html.erb (Duration: 16.6ms | Allocations: 5057)
Completed 200 OK in 23ms (Views: 21.3ms | ActiveRecord: 0.0ms | Allocations: 5848)


Started GET "/" for ::1 at 2022-04-20 12:04:39 -0700
Processing by HomeController#index as HTML
  Rendering layout layouts/application.html.erb
  Rendering home/index.html.erb within layouts/application
  Rendered home/index.html.erb within layouts/application (Duration: 1.5ms | Allocations: 580)
  Rendered layout layouts/application.html.erb (Duration: 36.2ms | Allocations: 5154)
Completed 200 OK in 40ms (Views: 39.6ms | ActiveRecord: 0.0ms | Allocations: 5947)


Started GET "/" for ::1 at 2022-04-20 12:05:34 -0700
  [1m[36mActiveRecord::SchemaMigration Pluck (1.0ms)[0m  [1m[34mSELECT "schema_migrations"."version" FROM "schema_migrations" ORDER BY "schema_migrations"."version" ASC[0m
Processing by HomeController#index as HTML
  Rendering layout layouts/application.html.erb
  Rendering home/index.html.erb within layouts/application
  Rendered home/index.html.erb within layouts/application (Duration: 12.8ms | Allocations: 1248)
  Rendered layout layouts/application.html.erb (Duration: 249.9ms | Allocations: 43545)
Completed 200 OK in 270ms (Views: 258.7ms | ActiveRecord: 0.0ms | Allocations: 47869)


Started GET "/" for ::1 at 2022-04-20 12:06:07 -0700
Processing by HomeController#index as HTML
  Rendering layout layouts/application.html.erb
  Rendering home/index.html.erb within layouts/application
  Rendered home/index.html.erb within layouts/application (Duration: 0.9ms | Allocations: 573)
  Rendered layout layouts/application.html.erb (Duration: 9.8ms | Allocations: 5150)
Completed 200 OK in 14ms (Views: 12.6ms | ActiveRecord: 0.0ms | Allocations: 5944)


